######PREPROCESSING DONE######
######TRAIN TEST SPLIT DONE######
######NETWORK DEFINED######
class count:  [674301   8969]
######UPSAMPLING DONE######
######CONVERSION TO TENSOR######
torch.Size([1346976, 37])
Epoch [1/60], Training Loss: 0.2470, Validation Loss: 0.1779, Validation Accuracy: 0.9313
Epoch [2/60], Training Loss: 0.1819, Validation Loss: 0.1739, Validation Accuracy: 0.9344
Epoch [3/60], Training Loss: 0.1563, Validation Loss: 0.1730, Validation Accuracy: 0.9344
Epoch [4/60], Training Loss: 0.1382, Validation Loss: 0.1726, Validation Accuracy: 0.9348
Epoch [5/60], Training Loss: 0.1237, Validation Loss: 0.1047, Validation Accuracy: 0.9621
Epoch [6/60], Training Loss: 0.1136, Validation Loss: 0.1614, Validation Accuracy: 0.9413
Epoch [7/60], Training Loss: 0.1056, Validation Loss: 0.1461, Validation Accuracy: 0.9504
Epoch [8/60], Training Loss: 0.0990, Validation Loss: 0.1321, Validation Accuracy: 0.9585
Epoch [9/60], Training Loss: 0.0936, Validation Loss: 0.1170, Validation Accuracy: 0.9612
Epoch [10/60], Training Loss: 0.0895, Validation Loss: 0.1281, Validation Accuracy: 0.9587
Epoch [11/60], Training Loss: 0.0854, Validation Loss: 0.1091, Validation Accuracy: 0.9668
Epoch [12/60], Training Loss: 0.0819, Validation Loss: 0.1140, Validation Accuracy: 0.9675
Epoch [13/60], Training Loss: 0.0789, Validation Loss: 0.1109, Validation Accuracy: 0.9683
Epoch [14/60], Training Loss: 0.0762, Validation Loss: 0.1062, Validation Accuracy: 0.9697
Epoch [15/60], Training Loss: 0.0731, Validation Loss: 0.1323, Validation Accuracy: 0.9634
Epoch [16/60], Training Loss: 0.0717, Validation Loss: 0.1185, Validation Accuracy: 0.9677
Epoch [17/60], Training Loss: 0.0708, Validation Loss: 0.1233, Validation Accuracy: 0.9673
Epoch [18/60], Training Loss: 0.0682, Validation Loss: 0.1209, Validation Accuracy: 0.9683
Epoch [19/60], Training Loss: 0.0669, Validation Loss: 0.1046, Validation Accuracy: 0.9733
Epoch [20/60], Training Loss: 0.0656, Validation Loss: 0.1053, Validation Accuracy: 0.9732
Epoch [21/60], Training Loss: 0.0648, Validation Loss: 0.1291, Validation Accuracy: 0.9672
Epoch [22/60], Training Loss: 0.0636, Validation Loss: 0.1201, Validation Accuracy: 0.9701
Epoch [23/60], Training Loss: 0.0626, Validation Loss: 0.1340, Validation Accuracy: 0.9684
Epoch [24/60], Training Loss: 0.0615, Validation Loss: 0.1225, Validation Accuracy: 0.9696
Epoch [25/60], Training Loss: 0.0606, Validation Loss: 0.1460, Validation Accuracy: 0.9645
Epoch [26/60], Training Loss: 0.0600, Validation Loss: 0.1183, Validation Accuracy: 0.9735
Epoch [27/60], Training Loss: 0.0589, Validation Loss: 0.1141, Validation Accuracy: 0.9738
Epoch [28/60], Training Loss: 0.0581, Validation Loss: 0.1250, Validation Accuracy: 0.9698
Epoch [29/60], Training Loss: 0.0571, Validation Loss: 0.1191, Validation Accuracy: 0.9728
Epoch [30/60], Training Loss: 0.0567, Validation Loss: 0.1173, Validation Accuracy: 0.9756
Epoch [31/60], Training Loss: 0.0563, Validation Loss: 0.1227, Validation Accuracy: 0.9719
Epoch [32/60], Training Loss: 0.0556, Validation Loss: 0.1577, Validation Accuracy: 0.9671
Epoch [33/60], Training Loss: 0.0554, Validation Loss: 0.1295, Validation Accuracy: 0.9728
Epoch [34/60], Training Loss: 0.0548, Validation Loss: 0.1135, Validation Accuracy: 0.9760
Epoch [35/60], Training Loss: 0.0538, Validation Loss: 0.1606, Validation Accuracy: 0.9664
Epoch [36/60], Training Loss: 0.0535, Validation Loss: 0.1062, Validation Accuracy: 0.9777
Epoch [37/60], Training Loss: 0.0530, Validation Loss: 0.1307, Validation Accuracy: 0.9735
Epoch [38/60], Training Loss: 0.0522, Validation Loss: 0.1499, Validation Accuracy: 0.9679
Epoch [39/60], Training Loss: 0.0525, Validation Loss: 0.1176, Validation Accuracy: 0.9775
Epoch [40/60], Training Loss: 0.0516, Validation Loss: 0.1175, Validation Accuracy: 0.9766
Epoch [41/60], Training Loss: 0.0514, Validation Loss: 0.1229, Validation Accuracy: 0.9762
Epoch [42/60], Training Loss: 0.0502, Validation Loss: 0.1387, Validation Accuracy: 0.9740
Epoch [43/60], Training Loss: 0.0503, Validation Loss: 0.1341, Validation Accuracy: 0.9765
Epoch [44/60], Training Loss: 0.0498, Validation Loss: 0.1248, Validation Accuracy: 0.9769
Epoch [45/60], Training Loss: 0.0498, Validation Loss: 0.1581, Validation Accuracy: 0.9683
Epoch [46/60], Training Loss: 0.0491, Validation Loss: 0.1218, Validation Accuracy: 0.9765
Epoch [47/60], Training Loss: 0.0487, Validation Loss: 0.1160, Validation Accuracy: 0.9791
Epoch [48/60], Training Loss: 0.0477, Validation Loss: 0.1427, Validation Accuracy: 0.9724
Epoch [49/60], Training Loss: 0.0478, Validation Loss: 0.1356, Validation Accuracy: 0.9754
Epoch [50/60], Training Loss: 0.0480, Validation Loss: 0.1331, Validation Accuracy: 0.9757
Epoch [51/60], Training Loss: 0.0472, Validation Loss: 0.1258, Validation Accuracy: 0.9777
Epoch [52/60], Training Loss: 0.0466, Validation Loss: 0.1256, Validation Accuracy: 0.9767
Epoch [53/60], Training Loss: 0.0465, Validation Loss: 0.1311, Validation Accuracy: 0.9753
Epoch [54/60], Training Loss: 0.0464, Validation Loss: 0.1274, Validation Accuracy: 0.9781
Epoch [55/60], Training Loss: 0.0466, Validation Loss: 0.1313, Validation Accuracy: 0.9766
Epoch [56/60], Training Loss: 0.0465, Validation Loss: 0.1335, Validation Accuracy: 0.9777
Epoch [57/60], Training Loss: 0.0460, Validation Loss: 0.1406, Validation Accuracy: 0.9744
Epoch [58/60], Training Loss: 0.0452, Validation Loss: 0.1205, Validation Accuracy: 0.9794
Epoch [59/60], Training Loss: 0.0457, Validation Loss: 0.1332, Validation Accuracy: 0.9787
Epoch [60/60], Training Loss: 0.0453, Validation Loss: 0.1365, Validation Accuracy: 0.9764
######TRAINING DONE######
######LOSS PLOT DONE######
######CONFUSION MATRIX PLOT DONE######
True Negatives (TN): 220077
False Positives (FP): 4690
False Negatives (FN): 685
True Positives (TP): 2305
Precision: 0.3295210864903502
Recall: 0.7709030100334449
F1-Score: 0.46169253880821226
ROC AUC: 0.875018478816257
